PCAD Importer Log
Project : LTC3531ES6-3.LibPkg

Section : C:\Users\dsher\Documents\GitHub\ecen5023_altium\LTC3531ES6-3.lia
    Section : PCB Library - LTC3531ES6-3.PcbLib
        Section : Load Messages
            Warning - 1 : Skipping Token isVisible On Line 124
            Warning - 1 : Skipping Token isVisible On Line 129
            Warning - 1 : Skipping Token LTC3531ES6-3 On Line 133
            Warning - 1 : Skipping Token attachedSymbol On Line 220
        EndSection

        Section : Import Messages
        EndSection
    EndSection

    Section : SCH Library - LTC3531ES6-3.SchLib
        Section : Parsing Messages
            Warning - 1 : Skipping Token padStyleDef On Line 9
            Warning - 1 : Skipping Token multiLayer On Line 84
            Warning - 1 : Skipping Token layerContents On Line 92
            Warning - 1 : Skipping Token layerContents On Line 126
        EndSection

        Section : Generating SCH Library - LTC3531ES6-3.SchLib
        EndSection
    EndSection
EndSection
